<?xml version="1.0" encoding="UTF-8"?>
<!-- Generated by org.testng.reporters.JUnitReportReporter -->
<testsuite hostname="MwdWo" failures="0" tests="34" name="com.falak.qa.tests.HomePageTC" time="1558.661" errors="0" timestamp="2025-08-25T07:46:50 AST" skipped="0">
  <testcase classname="com.falak.qa.tests.HomePageTC" name="TC09_testToolsCard" time="7.724"/>
  <testcase classname="com.falak.qa.tests.HomePageTC" name="TC05_testFrequencyListsButtonRedirect" time="7.676"/>
  <testcase classname="com.falak.qa.tests.HomePageTC" name="TC08_testCorporaCard" time="7.146"/>
  <testcase classname="com.falak.qa.tests.HomePageTC" name="TC22_verifyToolsSection" time="10.391"/>
  <testcase classname="com.falak.qa.tests.HomePageTC" name="TC24_verifyHoverEffectOnAllDetailsButtons" time="13.328"/>
  <testcase classname="com.falak.qa.tests.HomePageTC" name="TC07_testContactUsButtonRedirect" time="7.618"/>
  <testcase classname="com.falak.qa.tests.HomePageTC" name="TC03_testCorporaButtonRedirect" time="10.596"/>
  <testcase classname="com.falak.qa.tests.HomePageTC" name="TC10_testFeatureCard" time="5.787"/>
  <testcase classname="com.falak.qa.tests.HomePageTC" name="TC23_verifyEachToolCardElements" time="8.930"/>
  <testcase classname="com.falak.qa.tests.HomePageTC" name="TC25_verifyToolDetailsModal_AllCards" time="282.836"/>
  <testcase classname="com.falak.qa.tests.HomePageTC" name="TC28_verifyModalCloseButton_AllCards" time="413.385"/>
  <testcase classname="com.falak.qa.tests.HomePageTC" name="TC29_verifyFeaturesSectionVisibility" time="7.889"/>
  <testcase classname="com.falak.qa.tests.HomePageTC" name="TC31_verifyHoverEffectOnEachFeatureCard" time="11.356"/>
  <testcase classname="com.falak.qa.tests.HomePageTC" name="TC19_verifyCorporaOfMonthSection" time="6.743"/>
  <testcase classname="com.falak.qa.tests.HomePageTC" name="TC15_verifyHoverEffectOnAllCorporaCards" time="10.317"/>
  <testcase classname="com.falak.qa.tests.HomePageTC" name="TC33_verifyFalakStatsImageIsDisplayedCorrectly" time="6.946"/>
  <testcase classname="com.falak.qa.tests.HomePageTC" name="TC21_verifyHoverEffectOnBlogOfMonthCard" time="10.444"/>
  <testcase classname="com.falak.qa.tests.HomePageTC" name="TC32_verifyFalakInNumbersSectionVisibility" time="6.821"/>
  <testcase classname="com.falak.qa.tests.HomePageTC" name="TC16_verifySelectButtonsRedirect_AllCards" time="13.369"/>
  <testcase classname="com.falak.qa.tests.HomePageTC" name="TC18_testMoreCorporaButton" time="6.764"/>
  <testcase classname="com.falak.qa.tests.HomePageTC" name="TC02_testAboutFalakButtonRedirect" time="8.024"/>
  <testcase classname="com.falak.qa.tests.HomePageTC" name="TC27_verifyModalVerticalScroll_AllCards" time="287.318"/>
  <testcase classname="com.falak.qa.tests.HomePageTC" name="TC30_verifyFeatureCardsVisualsAndTitles" time="9.427"/>
  <testcase classname="com.falak.qa.tests.HomePageTC" name="TC12_testRegistrationSection" time="6.261"/>
  <testcase classname="com.falak.qa.tests.HomePageTC" name="TC17_verifyMoreLinksRedirect_AllCards" time="18.658"/>
  <testcase classname="com.falak.qa.tests.HomePageTC" name="TC34_verifyScrollToTopButtonFunctionality" time="8.409"/>
  <testcase classname="com.falak.qa.tests.HomePageTC" name="TC26_verifyVideoAutoPlayInEachToolModal" time="293.586"/>
  <testcase classname="com.falak.qa.tests.HomePageTC" name="TC06_testDevelopersButtonRedirect" time="8.583"/>
  <testcase classname="com.falak.qa.tests.HomePageTC" name="TC14_verifyEachCorporaCard_HasCompleteData" time="9.547"/>
  <testcase classname="com.falak.qa.tests.HomePageTC" name="TC11_testaddCorporaCard" time="12.030"/>
  <testcase classname="com.falak.qa.tests.HomePageTC" name="TC04_testVoicewallButtonRedirect" time="10.276"/>
  <testcase classname="com.falak.qa.tests.HomePageTC" name="TC13_testNumberOfCorporaContentCard" time="7.925"/>
  <testcase classname="com.falak.qa.tests.HomePageTC" name="TC01_testHomeButtonRedirect" time="12.316"/>
  <testcase classname="com.falak.qa.tests.HomePageTC" name="TC20_verifyCorporaOfMonthCard_HasCompleteData" time="10.235"/>
</testsuite> <!-- com.falak.qa.tests.HomePageTC -->
