<?xml version="1.0" encoding="UTF-8"?>
<!-- Generated by org.testng.reporters.JUnitReportReporter -->
<testsuite hostname="MwdWo" failures="0" tests="21" name="com.falak.qa.tests.ConcordancerToolTC" time="820.150" errors="0" timestamp="2025-08-25T07:46:50 AST" skipped="0">
  <testcase classname="com.falak.qa.tests.ConcordancerToolTC" name="TC14_verifyDetailsPopupFunctionality" time="50.243"/>
  <testcase classname="com.falak.qa.tests.ConcordancerToolTC" name="TC13_verifyCopyFunctionalityInResults" time="42.251"/>
  <testcase classname="com.falak.qa.tests.ConcordancerToolTC" name="TC20_verifyResultsPerPageDropdown" time="44.077"/>
  <testcase classname="com.falak.qa.tests.ConcordancerToolTC" name="TC06_verifyVirtualKeyboardTyping" time="9.744"/>
  <testcase classname="com.falak.qa.tests.ConcordancerToolTC" name="TC19_verifyHighlightedCurrentPageNumber" time="42.193"/>
  <testcase classname="com.falak.qa.tests.ConcordancerToolTC" name="TC01_openConcordancerToolFromHomePage" time="11.626"/>
  <testcase classname="com.falak.qa.tests.ConcordancerToolTC" name="TC12_verifyContainerFilterAffectsResults" time="46.156"/>
  <testcase classname="com.falak.qa.tests.ConcordancerToolTC" name="TC11_verifyTimeFilterAffectsResults" time="46.572"/>
  <testcase classname="com.falak.qa.tests.ConcordancerToolTC" name="TC21_verifyPaginationResetAfterChangingResultsPerPage" time="43.492"/>
  <testcase classname="com.falak.qa.tests.ConcordancerToolTC" name="TC03_verifyInfoPopupInConcordancerTool" time="9.715"/>
  <testcase classname="com.falak.qa.tests.ConcordancerToolTC" name="TC10_verifyPlaceFilterAffectsResults" time="44.893"/>
  <testcase classname="com.falak.qa.tests.ConcordancerToolTC" name="TC17_verifyPaginationControlsAreVisible" time="41.631"/>
  <testcase classname="com.falak.qa.tests.ConcordancerToolTC" name="TC05_verifySearchFunctionalityWithValidInput" time="38.271"/>
  <testcase classname="com.falak.qa.tests.ConcordancerToolTC" name="TC07_verifyExportButtonFunctionality" time="48.124"/>
  <testcase classname="com.falak.qa.tests.ConcordancerToolTC" name="TC18_verifyNavigationToSpecificPage" time="41.502"/>
  <testcase classname="com.falak.qa.tests.ConcordancerToolTC" name="TC04_verifyInfoPopupCanBeClosed" time="21.297"/>
  <testcase classname="com.falak.qa.tests.ConcordancerToolTC" name="TC08_verifyDomainFilterAffectsResults" time="43.647"/>
  <testcase classname="com.falak.qa.tests.ConcordancerToolTC" name="TC02_verifyConcordancerToolTitleFromDirectURL" time="8.854"/>
  <testcase classname="com.falak.qa.tests.ConcordancerToolTC" name="TC09_verifyTopicFilterAffectsResults" time="50.918"/>
  <testcase classname="com.falak.qa.tests.ConcordancerToolTC" name="TC16_verifySortableColumnsFunctionality" time="93.936"/>
  <testcase classname="com.falak.qa.tests.ConcordancerToolTC" name="TC15_verifyResultsTableHasData" time="41.008"/>
</testsuite> <!-- com.falak.qa.tests.ConcordancerToolTC -->
